<?xml version="1.0" encoding="UTF-8"?>
<!-- Generated by org.testng.reporters.JUnitXMLReporter -->
<testsuite ignored="7" hostname="Desktop-Wintest" failures="1" tests="1" name="UEM Automation Tests(failed)(failed)" time="16.757" errors="0" timestamp="2024-11-27T15:21:00 IST">
  <testcase classname="com.uem_automation.qa.testcases.Login" name="TC_LP_006_Validate_forgot_password_link_functionality" time="10.626">
    <failure type="java.lang.NullPointerException" message="Cannot invoke &amp;quot;org.openqa.selenium.WebDriver.getClass()&amp;quot; because &amp;quot;exceptionDriver&amp;quot; is null">
      <![CDATA[java.lang.NullPointerException: Cannot invoke "org.openqa.selenium.WebDriver.getClass()" because "exceptionDriver" is null
at org.openqa.selenium.support.ui.WebDriverWait.timeoutException(WebDriverWait.java:85)
at org.openqa.selenium.support.ui.FluentWait.until(FluentWait.java:228)
at com.uem_automation.qa.pages.LoginPage.retrieveLabelText(LoginPage.java:82)
at com.uem_automation.qa.testcases.Login.TC_LP_006_Validate_forgot_password_link_functionality(Login.java:122)
at java.base/java.util.ArrayList.forEach(ArrayList.java:1597)
... Removed 25 stack frames]]>
    </failure>
  </testcase> <!-- TC_LP_006_Validate_forgot_password_link_functionality -->
  <testcase classname="com.uem_automation.qa.testcases.Login" name="TC_LP_001_Validate_login_with_valid_credentials" time="0.0">
    <ignored/>
  </testcase> <!-- TC_LP_001_Validate_login_with_valid_credentials -->
  <testcase classname="com.uem_automation.qa.testcases.Login" name="TC_LP_003_Validate_login_with_invalid_email_and_valid_password" time="0.0">
    <ignored/>
  </testcase> <!-- TC_LP_003_Validate_login_with_invalid_email_and_valid_password -->
  <testcase classname="com.uem_automation.qa.testcases.Login" name="TC_LP_007_Validate_logging_into_the_application_using_keyboard_keys" time="0.0">
    <ignored/>
  </testcase> <!-- TC_LP_007_Validate_logging_into_the_application_using_keyboard_keys -->
  <testcase classname="com.uem_automation.qa.testcases.Login" name="TC_LP_002_Validate_login_with_invalid_credentials" time="0.0">
    <ignored/>
  </testcase> <!-- TC_LP_002_Validate_login_with_invalid_credentials -->
  <testcase classname="com.uem_automation.qa.testcases.Login" name="TC_LP_004_Validate_login_with_valid_email_and_invalid_password" time="0.0">
    <ignored/>
  </testcase> <!-- TC_LP_004_Validate_login_with_valid_email_and_invalid_password -->
  <testcase classname="com.uem_automation.qa.testcases.Login" name="TC_LP_008_Validate_email_and_pass_text_fields_in_login_page_have_placeholder_text" time="0.0">
    <ignored/>
  </testcase> <!-- TC_LP_008_Validate_email_and_pass_text_fields_in_login_page_have_placeholder_text -->
  <testcase classname="com.uem_automation.qa.testcases.Login" name="TC_LP_005_Validate_login_without_providing_any_credentials" time="0.0">
    <ignored/>
  </testcase> <!-- TC_LP_005_Validate_login_without_providing_any_credentials -->
</testsuite> <!-- UEM Automation Tests(failed)(failed) -->
