<html>
<head>
<title>TestNG:  UEM Automation Tests</title>
<link href="../testng.css" rel="stylesheet" type="text/css" />
<link href="../my-testng.css" rel="stylesheet" type="text/css" />

<style type="text/css">
.log { display: none;} 
.stack-trace { display: none;} 
</style>
<script type="text/javascript">
<!--
function flip(e) {
  current = e.style.display;
  if (current == 'block') {
    e.style.display = 'none';
    return 0;
  }
  else {
    e.style.display = 'block';
    return 1;
  }
}

function toggleBox(szDivId, elem, msg1, msg2)
{
  var res = -1;  if (document.getElementById) {
    res = flip(document.getElementById(szDivId));
  }
  else if (document.all) {
    // this is the way old msie versions work
    res = flip(document.all[szDivId]);
  }
  if(elem) {
    if(res == 0) elem.innerHTML = msg1; else elem.innerHTML = msg2;
  }

}

function toggleAllBoxes() {
  if (document.getElementsByTagName) {
    d = document.getElementsByTagName('div');
    for (i = 0; i < d.length; i++) {
      if (d[i].className == 'log') {
        flip(d[i]);
      }
    }
  }
}

// -->
</script>

</head>
<body>
<h2 align='center'>UEM Automation Tests</h2><table border='1' align="center">
<tr>
<td>Tests passed/Failed/Skipped:</td><td>12/2/0</td>
</tr><tr>
<td>Started on:</td><td>Thu Nov 28 12:13:40 IST 2024</td>
</tr>
<tr><td>Total time:</td><td>181 seconds (181454 ms)</td>
</tr><tr>
<td>Included groups:</td><td></td>
</tr><tr>
<td>Excluded groups:</td><td></td>
</tr>
</table><p/>
<small><i>(Hover the method name to see the test class name)</i></small><p/>
<table width='100%' border='1' class='invocation-failed'>
<tr><td colspan='4' align='center'><b>FAILED TESTS</b></td></tr>
<tr><td><b>Test method</b></td>
<td width="30%"><b>Exception</b></td>
<td width="10%"><b>Time (seconds)</b></td>
<td><b>Instance</b></td>
</tr>
<tr>
<td title='com.uem_automation.qa.testcases.LoginTest.TC_LP_006_Validate_forgot_password_link_functionality()'><b>TC_LP_006_Validate_forgot_password_link_functionality</b><br>Test class: com.uem_automation.qa.testcases.LoginTest</td>
<td><div><pre>java.lang.NullPointerException: Cannot invoke &quot;org.openqa.selenium.WebDriver.getClass()&quot; because &quot;exceptionDriver&quot; is null
	at org.openqa.selenium.support.ui.WebDriverWait.timeoutException(WebDriverWait.java:85)
	at org.openqa.selenium.support.ui.FluentWait.until(FluentWait.java:228)
	at com.uem_automation.qa.pages.LoginPage.retrieveLabelText(LoginPage.java:82)
	at com.uem_automation.qa.testcases.LoginTest.TC_LP_006_Validate_forgot_password_link_functionality(LoginTest.java:122)
	at java.base/java.util.ArrayList.forEach(ArrayList.java:1596)
... Removed 25 stack frames</pre></div><a href='#' onClick='toggleBox("stack-trace594586746", this, "Click to show all stack frames", "Click to hide stack frames")'>Click to show all stack frames</a>
<div class='stack-trace' id='stack-trace594586746'><pre>java.lang.NullPointerException: Cannot invoke &quot;org.openqa.selenium.WebDriver.getClass()&quot; because &quot;exceptionDriver&quot; is null
	at org.openqa.selenium.support.ui.WebDriverWait.timeoutException(WebDriverWait.java:85)
	at org.openqa.selenium.support.ui.FluentWait.until(FluentWait.java:228)
	at com.uem_automation.qa.pages.LoginPage.retrieveLabelText(LoginPage.java:82)
	at com.uem_automation.qa.testcases.LoginTest.TC_LP_006_Validate_forgot_password_link_functionality(LoginTest.java:122)
	at java.base/jdk.internal.reflect.DirectMethodHandleAccessor.invoke(DirectMethodHandleAccessor.java:103)
	at java.base/java.lang.reflect.Method.invoke(Method.java:580)
	at org.testng.internal.MethodInvocationHelper.invokeMethod(MethodInvocationHelper.java:133)
	at org.testng.internal.TestInvoker.invokeMethod(TestInvoker.java:598)
	at org.testng.internal.TestInvoker.invokeTestMethod(TestInvoker.java:173)
	at org.testng.internal.MethodRunner.runInSequence(MethodRunner.java:46)
	at org.testng.internal.TestInvoker$MethodInvocationAgent.invoke(TestInvoker.java:824)
	at org.testng.internal.TestInvoker.invokeTestMethods(TestInvoker.java:146)
	at org.testng.internal.TestMethodWorker.invokeTestMethods(TestMethodWorker.java:146)
	at org.testng.internal.TestMethodWorker.run(TestMethodWorker.java:128)
	at java.base/java.util.ArrayList.forEach(ArrayList.java:1596)
	at org.testng.TestRunner.privateRun(TestRunner.java:794)
	at org.testng.TestRunner.run(TestRunner.java:596)
	at org.testng.SuiteRunner.runTest(SuiteRunner.java:377)
	at org.testng.SuiteRunner.runSequentially(SuiteRunner.java:371)
	at org.testng.SuiteRunner.privateRun(SuiteRunner.java:332)
	at org.testng.SuiteRunner.run(SuiteRunner.java:276)
	at org.testng.SuiteRunnerWorker.runSuite(SuiteRunnerWorker.java:53)
	at org.testng.SuiteRunnerWorker.run(SuiteRunnerWorker.java:96)
	at org.testng.TestNG.runSuitesSequentially(TestNG.java:1212)
	at org.testng.TestNG.runSuitesLocally(TestNG.java:1134)
	at org.testng.TestNG.runSuites(TestNG.java:1063)
	at org.testng.TestNG.run(TestNG.java:1031)
	at org.testng.remote.AbstractRemoteTestNG.run(AbstractRemoteTestNG.java:115)
	at org.testng.remote.RemoteTestNG.initAndRun(RemoteTestNG.java:293)
	at org.testng.remote.RemoteTestNG.main(RemoteTestNG.java:91)
</pre></div></td>
<td>10</td>
<td>com.uem_automation.qa.testcases.LoginTest@1fa268de</td></tr>
<tr>
<td title='com.uem_automation.qa.testcases.LoginTest.TC_LP_004_Validate_login_with_valid_email_and_invalid_password()'><b>TC_LP_004_Validate_login_with_valid_email_and_invalid_password</b><br>Test class: com.uem_automation.qa.testcases.LoginTest</td>
<td><div><pre>java.lang.NullPointerException: Cannot invoke &quot;org.openqa.selenium.WebDriver.getClass()&quot; because &quot;exceptionDriver&quot; is null
	at org.openqa.selenium.support.ui.WebDriverWait.timeoutException(WebDriverWait.java:85)
	at org.openqa.selenium.support.ui.FluentWait.until(FluentWait.java:228)
	at com.uem_automation.qa.pages.LoginPage.retrieveFailureTextMessage(LoginPage.java:65)
	at com.uem_automation.qa.testcases.LoginTest.TC_LP_004_Validate_login_with_valid_email_and_invalid_password(LoginTest.java:101)
	at java.base/java.util.ArrayList.forEach(ArrayList.java:1596)
... Removed 25 stack frames</pre></div><a href='#' onClick='toggleBox("stack-trace914039525", this, "Click to show all stack frames", "Click to hide stack frames")'>Click to show all stack frames</a>
<div class='stack-trace' id='stack-trace914039525'><pre>java.lang.NullPointerException: Cannot invoke &quot;org.openqa.selenium.WebDriver.getClass()&quot; because &quot;exceptionDriver&quot; is null
	at org.openqa.selenium.support.ui.WebDriverWait.timeoutException(WebDriverWait.java:85)
	at org.openqa.selenium.support.ui.FluentWait.until(FluentWait.java:228)
	at com.uem_automation.qa.pages.LoginPage.retrieveFailureTextMessage(LoginPage.java:65)
	at com.uem_automation.qa.testcases.LoginTest.TC_LP_004_Validate_login_with_valid_email_and_invalid_password(LoginTest.java:101)
	at java.base/jdk.internal.reflect.DirectMethodHandleAccessor.invoke(DirectMethodHandleAccessor.java:103)
	at java.base/java.lang.reflect.Method.invoke(Method.java:580)
	at org.testng.internal.MethodInvocationHelper.invokeMethod(MethodInvocationHelper.java:133)
	at org.testng.internal.TestInvoker.invokeMethod(TestInvoker.java:598)
	at org.testng.internal.TestInvoker.invokeTestMethod(TestInvoker.java:173)
	at org.testng.internal.MethodRunner.runInSequence(MethodRunner.java:46)
	at org.testng.internal.TestInvoker$MethodInvocationAgent.invoke(TestInvoker.java:824)
	at org.testng.internal.TestInvoker.invokeTestMethods(TestInvoker.java:146)
	at org.testng.internal.TestMethodWorker.invokeTestMethods(TestMethodWorker.java:146)
	at org.testng.internal.TestMethodWorker.run(TestMethodWorker.java:128)
	at java.base/java.util.ArrayList.forEach(ArrayList.java:1596)
	at org.testng.TestRunner.privateRun(TestRunner.java:794)
	at org.testng.TestRunner.run(TestRunner.java:596)
	at org.testng.SuiteRunner.runTest(SuiteRunner.java:377)
	at org.testng.SuiteRunner.runSequentially(SuiteRunner.java:371)
	at org.testng.SuiteRunner.privateRun(SuiteRunner.java:332)
	at org.testng.SuiteRunner.run(SuiteRunner.java:276)
	at org.testng.SuiteRunnerWorker.runSuite(SuiteRunnerWorker.java:53)
	at org.testng.SuiteRunnerWorker.run(SuiteRunnerWorker.java:96)
	at org.testng.TestNG.runSuitesSequentially(TestNG.java:1212)
	at org.testng.TestNG.runSuitesLocally(TestNG.java:1134)
	at org.testng.TestNG.runSuites(TestNG.java:1063)
	at org.testng.TestNG.run(TestNG.java:1031)
	at org.testng.remote.AbstractRemoteTestNG.run(AbstractRemoteTestNG.java:115)
	at org.testng.remote.RemoteTestNG.initAndRun(RemoteTestNG.java:293)
	at org.testng.remote.RemoteTestNG.main(RemoteTestNG.java:91)
</pre></div></td>
<td>10</td>
<td>com.uem_automation.qa.testcases.LoginTest@1fa268de</td></tr>
</table><p>
<table width='100%' border='1' class='invocation-passed'>
<tr><td colspan='4' align='center'><b>PASSED TESTS</b></td></tr>
<tr><td><b>Test method</b></td>
<td width="30%"><b>Exception</b></td>
<td width="10%"><b>Time (seconds)</b></td>
<td><b>Instance</b></td>
</tr>
<tr>
<td title='com.uem_automation.qa.testcases.DeviceManagerWindowsTest.TC_DMW_001_Validate_users_able_to_view_the_settings_applied_on_the_group()'><b>TC_DMW_001_Validate_users_able_to_view_the_settings_applied_on_the_group</b><br>Test class: com.uem_automation.qa.testcases.DeviceManagerWindowsTest</td>
<td></td>
<td>2</td>
<td>com.uem_automation.qa.testcases.DeviceManagerWindowsTest@74fe5c40</td></tr>
<tr>
<td title='com.uem_automation.qa.testcases.LoginTest.TC_LP_002_Validate_login_with_invalid_credentials()'><b>TC_LP_002_Validate_login_with_invalid_credentials</b><br>Test class: com.uem_automation.qa.testcases.LoginTest</td>
<td></td>
<td>0</td>
<td>com.uem_automation.qa.testcases.LoginTest@1fa268de</td></tr>
<tr>
<td title='com.uem_automation.qa.testcases.LoginTest.TC_LP_005_Validate_login_without_providing_any_credentials()'><b>TC_LP_005_Validate_login_without_providing_any_credentials</b><br>Test class: com.uem_automation.qa.testcases.LoginTest</td>
<td></td>
<td>0</td>
<td>com.uem_automation.qa.testcases.LoginTest@1fa268de</td></tr>
<tr>
<td title='com.uem_automation.qa.testcases.LoginTest.TC_LP_007_Validate_logging_into_the_application_using_keyboard_keys()'><b>TC_LP_007_Validate_logging_into_the_application_using_keyboard_keys</b><br>Test class: com.uem_automation.qa.testcases.LoginTest</td>
<td></td>
<td>8</td>
<td>com.uem_automation.qa.testcases.LoginTest@1fa268de</td></tr>
<tr>
<td title='com.uem_automation.qa.testcases.DeviceManagerWindowsTest.TC_DMW_005_Validate_users_are_able_to_view_System_information_about_device_registered()'><b>TC_DMW_005_Validate_users_are_able_to_view_System_information_about_device_registered</b><br>Test class: com.uem_automation.qa.testcases.DeviceManagerWindowsTest</td>
<td></td>
<td>4</td>
<td>com.uem_automation.qa.testcases.DeviceManagerWindowsTest@74fe5c40</td></tr>
<tr>
<td title='com.uem_automation.qa.testcases.LoginTest.TC_LP_001_Validate_login_with_valid_credentials()'><b>TC_LP_001_Validate_login_with_valid_credentials</b><br>Test class: com.uem_automation.qa.testcases.LoginTest<br>Parameters: prajwal, pass_123</td>
<td></td>
<td>7</td>
<td>com.uem_automation.qa.testcases.LoginTest@1fa268de</td></tr>
<tr>
<td title='com.uem_automation.qa.testcases.LoginTest.TC_LP_003_Validate_login_with_invalid_email_and_valid_password()'><b>TC_LP_003_Validate_login_with_invalid_email_and_valid_password</b><br>Test class: com.uem_automation.qa.testcases.LoginTest</td>
<td></td>
<td>0</td>
<td>com.uem_automation.qa.testcases.LoginTest@1fa268de</td></tr>
<tr>
<td title='com.uem_automation.qa.testcases.DeviceManagerWindowsTest.TC_DMW_002_Validate_users_able_to_apply_execute_later_or_saved_task_on_the_group()'><b>TC_DMW_002_Validate_users_able_to_apply_execute_later_or_saved_task_on_the_group</b><br>Test class: com.uem_automation.qa.testcases.DeviceManagerWindowsTest</td>
<td></td>
<td>8</td>
<td>com.uem_automation.qa.testcases.DeviceManagerWindowsTest@74fe5c40</td></tr>
<tr>
<td title='com.uem_automation.qa.testcases.LoginTest.TC_LP_008_Validate_email_and_pass_text_fields_in_login_page_have_placeholder_text()'><b>TC_LP_008_Validate_email_and_pass_text_fields_in_login_page_have_placeholder_text</b><br>Test class: com.uem_automation.qa.testcases.LoginTest</td>
<td></td>
<td>0</td>
<td>com.uem_automation.qa.testcases.LoginTest@1fa268de</td></tr>
<tr>
<td title='com.uem_automation.qa.testcases.DeviceManagerWindowsTest.TC_DMW_006_Validate_users_are_able_to_view_System_information_about_device_registerd()'><b>TC_DMW_006_Validate_users_are_able_to_view_System_information_about_device_registerd</b><br>Test class: com.uem_automation.qa.testcases.DeviceManagerWindowsTest</td>
<td></td>
<td>4</td>
<td>com.uem_automation.qa.testcases.DeviceManagerWindowsTest@74fe5c40</td></tr>
<tr>
<td title='com.uem_automation.qa.testcases.DeviceManagerWindowsTest.TC_DMW_004_Validate_users_are_able_to_view_the_information_on_the_linux_os_profile_settings_defined_on_the_group()'><b>TC_DMW_004_Validate_users_are_able_to_view_the_information_on_the_linux_os_profile_settings_defined_on_the_group</b><br>Test class: com.uem_automation.qa.testcases.DeviceManagerWindowsTest</td>
<td></td>
<td>2</td>
<td>com.uem_automation.qa.testcases.DeviceManagerWindowsTest@74fe5c40</td></tr>
<tr>
<td title='com.uem_automation.qa.testcases.DeviceManagerWindowsTest.TC_DMW_003_Validate_users_are_able_to_view_the_information_on_the_windows_os_profile_settings_defined_on_the_group()'><b>TC_DMW_003_Validate_users_are_able_to_view_the_information_on_the_windows_os_profile_settings_defined_on_the_group</b><br>Test class: com.uem_automation.qa.testcases.DeviceManagerWindowsTest</td>
<td></td>
<td>2</td>
<td>com.uem_automation.qa.testcases.DeviceManagerWindowsTest@74fe5c40</td></tr>
</table><p>
</body>
</html>