<html>
<head>
<title>TestNG:  UEM Automation Tests</title>
<link href="../testng.css" rel="stylesheet" type="text/css" />
<link href="../my-testng.css" rel="stylesheet" type="text/css" />

<style type="text/css">
.log { display: none;} 
.stack-trace { display: none;} 
</style>
<script type="text/javascript">
<!--
function flip(e) {
  current = e.style.display;
  if (current == 'block') {
    e.style.display = 'none';
    return 0;
  }
  else {
    e.style.display = 'block';
    return 1;
  }
}

function toggleBox(szDivId, elem, msg1, msg2)
{
  var res = -1;  if (document.getElementById) {
    res = flip(document.getElementById(szDivId));
  }
  else if (document.all) {
    // this is the way old msie versions work
    res = flip(document.all[szDivId]);
  }
  if(elem) {
    if(res == 0) elem.innerHTML = msg1; else elem.innerHTML = msg2;
  }

}

function toggleAllBoxes() {
  if (document.getElementsByTagName) {
    d = document.getElementsByTagName('div');
    for (i = 0; i < d.length; i++) {
      if (d[i].className == 'log') {
        flip(d[i]);
      }
    }
  }
}

// -->
</script>

</head>
<body>
<h2 align='center'>UEM Automation Tests</h2><table border='1' align="center">
<tr>
<td>Tests passed/Failed/Skipped:</td><td>12/1/0</td>
</tr><tr>
<td>Started on:</td><td>Wed Nov 27 18:25:51 IST 2024</td>
</tr>
<tr><td>Total time:</td><td>120 seconds (120722 ms)</td>
</tr><tr>
<td>Included groups:</td><td></td>
</tr><tr>
<td>Excluded groups:</td><td></td>
</tr>
</table><p/>
<small><i>(Hover the method name to see the test class name)</i></small><p/>
<table width='100%' border='1' class='invocation-failed'>
<tr><td colspan='4' align='center'><b>FAILED TESTS</b></td></tr>
<tr><td><b>Test method</b></td>
<td><b>Attribute(s)</b></td>
<td width="30%"><b>Exception</b></td>
<td width="10%"><b>Time (seconds)</b></td>
<td><b>Instance</b></td>
</tr>
<tr>
<td title='com.uem_automation.qa.testcases.LoginTest.TC_LP_006_Validate_forgot_password_link_functionality()'><b>TC_LP_006_Validate_forgot_password_link_functionality</b><br>Test class: com.uem_automation.qa.testcases.LoginTest</td>
<td><div><pre>java.lang.NullPointerException: Cannot invoke &quot;org.openqa.selenium.WebDriver.getClass()&quot; because &quot;exceptionDriver&quot; is null
	at org.openqa.selenium.support.ui.WebDriverWait.timeoutException(WebDriverWait.java:85)
	at org.openqa.selenium.support.ui.FluentWait.until(FluentWait.java:228)
	at com.uem_automation.qa.pages.LoginPage.retrieveLabelText(LoginPage.java:82)
	at com.uem_automation.qa.testcases.LoginTest.TC_LP_006_Validate_forgot_password_link_functionality(LoginTest.java:122)
	at java.base/java.util.ArrayList.forEach(ArrayList.java:1596)
... Removed 29 stack frames</pre></div><a href='#' onClick='toggleBox("stack-trace884502914", this, "Click to show all stack frames", "Click to hide stack frames")'>Click to show all stack frames</a>
<div class='stack-trace' id='stack-trace884502914'><pre>java.lang.NullPointerException: Cannot invoke &quot;org.openqa.selenium.WebDriver.getClass()&quot; because &quot;exceptionDriver&quot; is null
	at org.openqa.selenium.support.ui.WebDriverWait.timeoutException(WebDriverWait.java:85)
	at org.openqa.selenium.support.ui.FluentWait.until(FluentWait.java:228)
	at com.uem_automation.qa.pages.LoginPage.retrieveLabelText(LoginPage.java:82)
	at com.uem_automation.qa.testcases.LoginTest.TC_LP_006_Validate_forgot_password_link_functionality(LoginTest.java:122)
	at java.base/jdk.internal.reflect.DirectMethodHandleAccessor.invoke(DirectMethodHandleAccessor.java:103)
	at java.base/java.lang.reflect.Method.invoke(Method.java:580)
	at org.testng.internal.invokers.MethodInvocationHelper.invokeMethod(MethodInvocationHelper.java:141)
	at org.testng.internal.invokers.TestInvoker.invokeMethod(TestInvoker.java:686)
	at org.testng.internal.invokers.TestInvoker.invokeTestMethod(TestInvoker.java:230)
	at org.testng.internal.invokers.MethodRunner.runInSequence(MethodRunner.java:63)
	at org.testng.internal.invokers.TestInvoker$MethodInvocationAgent.invoke(TestInvoker.java:992)
	at org.testng.internal.invokers.TestInvoker.invokeTestMethods(TestInvoker.java:203)
	at org.testng.internal.invokers.TestMethodWorker.invokeTestMethods(TestMethodWorker.java:154)
	at org.testng.internal.invokers.TestMethodWorker.run(TestMethodWorker.java:134)
	at java.base/java.util.ArrayList.forEach(ArrayList.java:1596)
	at org.testng.TestRunner.privateRun(TestRunner.java:739)
	at org.testng.TestRunner.run(TestRunner.java:614)
	at org.testng.SuiteRunner.runTest(SuiteRunner.java:421)
	at org.testng.SuiteRunner.runSequentially(SuiteRunner.java:413)
	at org.testng.SuiteRunner.privateRun(SuiteRunner.java:373)
	at org.testng.SuiteRunner.run(SuiteRunner.java:312)
	at org.testng.SuiteRunnerWorker.runSuite(SuiteRunnerWorker.java:52)
	at org.testng.SuiteRunnerWorker.run(SuiteRunnerWorker.java:95)
	at org.testng.TestNG.runSuitesSequentially(TestNG.java:1274)
	at org.testng.TestNG.runSuitesLocally(TestNG.java:1208)
	at org.testng.TestNG.runSuites(TestNG.java:1112)
	at org.testng.TestNG.run(TestNG.java:1079)
	at org.apache.maven.surefire.testng.TestNGExecutor.run(TestNGExecutor.java:308)
	at org.apache.maven.surefire.testng.TestNGXmlTestSuite.execute(TestNGXmlTestSuite.java:71)
	at org.apache.maven.surefire.testng.TestNGProvider.invoke(TestNGProvider.java:113)
	at org.apache.maven.surefire.booter.ForkedBooter.runSuitesInProcess(ForkedBooter.java:385)
	at org.apache.maven.surefire.booter.ForkedBooter.execute(ForkedBooter.java:162)
	at org.apache.maven.surefire.booter.ForkedBooter.run(ForkedBooter.java:507)
	at org.apache.maven.surefire.booter.ForkedBooter.main(ForkedBooter.java:495)
</pre></div></td>
<td>10</td>
<td>com.uem_automation.qa.testcases.LoginTest@2f16c6b3</td></tr>
</table><p>
<table width='100%' border='1' class='invocation-passed'>
<tr><td colspan='4' align='center'><b>PASSED TESTS</b></td></tr>
<tr><td><b>Test method</b></td>
<td><b>Attribute(s)</b></td>
<td width="30%"><b>Exception</b></td>
<td width="10%"><b>Time (seconds)</b></td>
<td><b>Instance</b></td>
</tr>
<tr>
<td title='com.uem_automation.qa.testcases.LoginTest.TC_LP_008_Validate_email_and_pass_text_fields_in_login_page_have_placeholder_text()'><b>TC_LP_008_Validate_email_and_pass_text_fields_in_login_page_have_placeholder_text</b><br>Test class: com.uem_automation.qa.testcases.LoginTest</td>
<td></td>
<td>0</td>
<td>com.uem_automation.qa.testcases.LoginTest@2f16c6b3</td></tr>
<tr>
<td title='com.uem_automation.qa.testcases.DeviceManagerWindowsTest.TC_DMW_002_Validate_users_able_to_apply_execute_later_or_saved_task_on_the_group()'><b>TC_DMW_002_Validate_users_able_to_apply_execute_later_or_saved_task_on_the_group</b><br>Test class: com.uem_automation.qa.testcases.DeviceManagerWindowsTest</td>
<td></td>
<td>10</td>
<td>com.uem_automation.qa.testcases.DeviceManagerWindowsTest@4b6e2263</td></tr>
<tr>
<td title='com.uem_automation.qa.testcases.LoginTest.TC_LP_001_Validate_login_with_valid_credentials()'><b>TC_LP_001_Validate_login_with_valid_credentials</b><br>Test class: com.uem_automation.qa.testcases.LoginTest<br>Parameters: prajwal, pass_123</td>
<td></td>
<td>8</td>
<td>com.uem_automation.qa.testcases.LoginTest@2f16c6b3</td></tr>
<tr>
<td title='com.uem_automation.qa.testcases.DeviceManagerWindowsTest.TC_DMW_004_Validate_users_are_able_to_view_the_information_on_the_linux_os_profile_settings_defined_on_the_group()'><b>TC_DMW_004_Validate_users_are_able_to_view_the_information_on_the_linux_os_profile_settings_defined_on_the_group</b><br>Test class: com.uem_automation.qa.testcases.DeviceManagerWindowsTest</td>
<td></td>
<td>4</td>
<td>com.uem_automation.qa.testcases.DeviceManagerWindowsTest@4b6e2263</td></tr>
<tr>
<td title='com.uem_automation.qa.testcases.LoginTest.TC_LP_002_Validate_login_with_invalid_credentials()'><b>TC_LP_002_Validate_login_with_invalid_credentials</b><br>Test class: com.uem_automation.qa.testcases.LoginTest</td>
<td></td>
<td>0</td>
<td>com.uem_automation.qa.testcases.LoginTest@2f16c6b3</td></tr>
<tr>
<td title='com.uem_automation.qa.testcases.LoginTest.TC_LP_003_Validate_login_with_invalid_email_and_valid_password()'><b>TC_LP_003_Validate_login_with_invalid_email_and_valid_password</b><br>Test class: com.uem_automation.qa.testcases.LoginTest</td>
<td></td>
<td>0</td>
<td>com.uem_automation.qa.testcases.LoginTest@2f16c6b3</td></tr>
<tr>
<td title='com.uem_automation.qa.testcases.DeviceManagerWindowsTest.TC_DMW_001_Validate_users_able_to_view_the_settings_applied_on_the_group()'><b>TC_DMW_001_Validate_users_able_to_view_the_settings_applied_on_the_group</b><br>Test class: com.uem_automation.qa.testcases.DeviceManagerWindowsTest</td>
<td></td>
<td>2</td>
<td>com.uem_automation.qa.testcases.DeviceManagerWindowsTest@4b6e2263</td></tr>
<tr>
<td title='com.uem_automation.qa.testcases.DeviceManagerWindowsTest.TC_DMW_005_Validate_users_are_able_to_view_System_information_about_device_registered()'><b>TC_DMW_005_Validate_users_are_able_to_view_System_information_about_device_registered</b><br>Test class: com.uem_automation.qa.testcases.DeviceManagerWindowsTest</td>
<td></td>
<td>4</td>
<td>com.uem_automation.qa.testcases.DeviceManagerWindowsTest@4b6e2263</td></tr>
<tr>
<td title='com.uem_automation.qa.testcases.LoginTest.TC_LP_005_Validate_login_without_providing_any_credentials()'><b>TC_LP_005_Validate_login_without_providing_any_credentials</b><br>Test class: com.uem_automation.qa.testcases.LoginTest</td>
<td></td>
<td>0</td>
<td>com.uem_automation.qa.testcases.LoginTest@2f16c6b3</td></tr>
<tr>
<td title='com.uem_automation.qa.testcases.LoginTest.TC_LP_004_Validate_login_with_valid_email_and_invalid_password()'><b>TC_LP_004_Validate_login_with_valid_email_and_invalid_password</b><br>Test class: com.uem_automation.qa.testcases.LoginTest</td>
<td></td>
<td>0</td>
<td>com.uem_automation.qa.testcases.LoginTest@2f16c6b3</td></tr>
<tr>
<td title='com.uem_automation.qa.testcases.DeviceManagerWindowsTest.TC_DMW_003_Validate_users_are_able_to_view_the_information_on_the_windows_os_profile_settings_defined_on_the_group()'><b>TC_DMW_003_Validate_users_are_able_to_view_the_information_on_the_windows_os_profile_settings_defined_on_the_group</b><br>Test class: com.uem_automation.qa.testcases.DeviceManagerWindowsTest</td>
<td></td>
<td>3</td>
<td>com.uem_automation.qa.testcases.DeviceManagerWindowsTest@4b6e2263</td></tr>
<tr>
<td title='com.uem_automation.qa.testcases.LoginTest.TC_LP_007_Validate_logging_into_the_application_using_keyboard_keys()'><b>TC_LP_007_Validate_logging_into_the_application_using_keyboard_keys</b><br>Test class: com.uem_automation.qa.testcases.LoginTest</td>
<td></td>
<td>8</td>
<td>com.uem_automation.qa.testcases.LoginTest@2f16c6b3</td></tr>
</table><p>
</body>
</html>