<?xml version="1.0" encoding="UTF-8"?>
<!-- Generated by org.testng.reporters.JUnitXMLReporter -->
<testsuite ignored="0" hostname="Desktop-Wintest" failures="1" tests="13" name="UEM Automation Tests" time="120.722" errors="0" timestamp="2024-11-27T18:27:53 IST">
  <testcase classname="com.uem_automation.qa.testcases.LoginTest" name="TC_LP_001_Validate_login_with_valid_credentials" time="8.477"/>
  <testcase classname="com.uem_automation.qa.testcases.LoginTest" name="TC_LP_002_Validate_login_with_invalid_credentials" time="0.598"/>
  <testcase classname="com.uem_automation.qa.testcases.LoginTest" name="TC_LP_003_Validate_login_with_invalid_email_and_valid_password" time="0.586"/>
  <testcase classname="com.uem_automation.qa.testcases.LoginTest" name="TC_LP_004_Validate_login_with_valid_email_and_invalid_password" time="0.539"/>
  <testcase classname="com.uem_automation.qa.testcases.LoginTest" name="TC_LP_005_Validate_login_without_providing_any_credentials" time="0.357"/>
  <testcase classname="com.uem_automation.qa.testcases.LoginTest" name="TC_LP_006_Validate_forgot_password_link_functionality" time="10.508">
    <failure type="java.lang.NullPointerException" message="Cannot invoke &amp;quot;org.openqa.selenium.WebDriver.getClass()&amp;quot; because &amp;quot;exceptionDriver&amp;quot; is null">
      <![CDATA[java.lang.NullPointerException: Cannot invoke "org.openqa.selenium.WebDriver.getClass()" because "exceptionDriver" is null
at org.openqa.selenium.support.ui.WebDriverWait.timeoutException(WebDriverWait.java:85)
at org.openqa.selenium.support.ui.FluentWait.until(FluentWait.java:228)
at com.uem_automation.qa.pages.LoginPage.retrieveLabelText(LoginPage.java:82)
at com.uem_automation.qa.testcases.LoginTest.TC_LP_006_Validate_forgot_password_link_functionality(LoginTest.java:122)
at java.base/java.util.ArrayList.forEach(ArrayList.java:1596)
... Removed 29 stack frames]]>
    </failure>
  </testcase> <!-- TC_LP_006_Validate_forgot_password_link_functionality -->
  <testcase classname="com.uem_automation.qa.testcases.LoginTest" name="TC_LP_007_Validate_logging_into_the_application_using_keyboard_keys" time="8.221"/>
  <testcase classname="com.uem_automation.qa.testcases.LoginTest" name="TC_LP_008_Validate_email_and_pass_text_fields_in_login_page_have_placeholder_text" time="0.109"/>
  <testcase classname="com.uem_automation.qa.testcases.DeviceManagerWindowsTest" name="TC_DMW_001_Validate_users_able_to_view_the_settings_applied_on_the_group" time="2.745"/>
  <testcase classname="com.uem_automation.qa.testcases.DeviceManagerWindowsTest" name="TC_DMW_002_Validate_users_able_to_apply_execute_later_or_saved_task_on_the_group" time="10.494"/>
  <testcase classname="com.uem_automation.qa.testcases.DeviceManagerWindowsTest" name="TC_DMW_003_Validate_users_are_able_to_view_the_information_on_the_windows_os_profile_settings_defined_on_the_group" time="3.566"/>
  <testcase classname="com.uem_automation.qa.testcases.DeviceManagerWindowsTest" name="TC_DMW_004_Validate_users_are_able_to_view_the_information_on_the_linux_os_profile_settings_defined_on_the_group" time="4.512"/>
  <testcase classname="com.uem_automation.qa.testcases.DeviceManagerWindowsTest" name="TC_DMW_005_Validate_users_are_able_to_view_System_information_about_device_registered" time="4.787"/>
</testsuite> <!-- UEM Automation Tests -->
